<?xml version="1.0" encoding="UTF-8"?>
<testsuite xmlns:xsi="http://www.w3.org/2001/XMLSchema-instance" xsi:noNamespaceSchemaLocation="https://maven.apache.org/surefire/maven-failsafe-plugin/xsd/failsafe-test-report-3.0.xsd" version="3.0" name="api.v1.integration.GetUserIT" time="0.904" tests="2" errors="0" skipped="0" failures="0">
  <properties>
[...]
</properties>
  <testcase name="executeRepo" classname="api.v1.integration.GetUserIT" time="0.834">
    <system-err><![CDATA[SLF4J: Class path contains multiple SLF4J providers.
SLF4J: Found provider [ch.qos.logback.classic.spi.LogbackServiceProvider@5e63cad]
SLF4J: Found provider [org.slf4j.simple.SimpleServiceProvider@6759f091]
SLF4J: See https://www.slf4j.org/codes.html#multiple_bindings for an explanation.
SLF4J: Actual provider is of type [ch.qos.logback.classic.spi.LogbackServiceProvider@5e63cad]
]]></system-err>
  </testcase>
  <testcase name="executeService" classname="api.v1.integration.GetUserIT" time="0.061"/>
</testsuite>